<?xml version="1.0" encoding="UTF-8"?>
<!-- Generated by org.testng.reporters.JUnitXMLReporter -->
<testsuite ignored="0" hostname="Doshena" failures="1" tests="1" name="B_Tests Two" time="16.179" errors="0" timestamp="2024-05-22T16:50:39 CEST">
  <testcase classname="android.BlazeFindAndPurchaseTest" name="test_Find_Purchase" time="16.166">
    <failure type="org.openqa.selenium.WebDriverException" message="java.net.SocketTimeoutException: timeout
Build info: version: &amp;apos;3.141.59&amp;apos;, revision: &amp;apos;e82be7d358&amp;apos;, time: &amp;apos;2018-11-14T08:17:03&amp;apos;
System info: host: &amp;apos;DOSHENA&amp;apos;, ip: &amp;apos;192.168.1.62&amp;apos;, os.name: &amp;apos;Windows 11&amp;apos;, os.arch: &amp;apos;amd64&amp;apos;, os.version: &amp;apos;10.0&amp;apos;, java.version: &amp;apos;17.0.10&amp;apos;
Driver info: driver.version: RemoteWebDriver">
      <![CDATA[org.openqa.selenium.WebDriverException: java.net.SocketTimeoutException: timeout
Build info: version: '3.141.59', revision: 'e82be7d358', time: '2018-11-14T08:17:03'
System info: host: 'DOSHENA', ip: '192.168.1.62', os.name: 'Windows 11', os.arch: 'amd64', os.version: '10.0', java.version: '17.0.10'
Driver info: driver.version: RemoteWebDriver
at org.openqa.selenium.remote.service.DriverCommandExecutor.execute(DriverCommandExecutor.java:92)
at org.openqa.selenium.remote.RemoteWebDriver.execute(RemoteWebDriver.java:552)
at org.openqa.selenium.remote.RemoteWebElement.execute(RemoteWebElement.java:285)
at org.openqa.selenium.remote.RemoteWebElement.getText(RemoteWebElement.java:166)
at Pages.BlazeFindAndPurchase.clickLabtops(BlazeFindAndPurchase.java:125)
at android.BlazeFindAndPurchaseTest.test_Find_Purchase(BlazeFindAndPurchaseTest.java:46)
at java.base/java.util.ArrayList.forEach(ArrayList.java:1511)
Caused by: java.net.SocketTimeoutException: timeout
at okio.Okio$4.newTimeoutException(Okio.java:232)
at okio.AsyncTimeout.exit(AsyncTimeout.java:285)
at okio.AsyncTimeout$1.write(AsyncTimeout.java:184)
at okio.RealBufferedSink.flush(RealBufferedSink.java:224)
at okhttp3.internal.http1.Http1Codec.finishRequest(Http1Codec.java:166)
at okhttp3.internal.http.CallServerInterceptor.intercept(CallServerInterceptor.java:84)
at okhttp3.internal.http.RealInterceptorChain.proceed(RealInterceptorChain.java:147)
at okhttp3.internal.http.RealInterceptorChain.proceed(RealInterceptorChain.java:121)
at org.openqa.selenium.remote.internal.OkHttpClient$Factory$1.lambda$createClient$1(OkHttpClient.java:152)
at okhttp3.internal.http.RealInterceptorChain.proceed(RealInterceptorChain.java:147)
at okhttp3.internal.connection.ConnectInterceptor.intercept(ConnectInterceptor.java:45)
at okhttp3.internal.http.RealInterceptorChain.proceed(RealInterceptorChain.java:147)
at okhttp3.internal.http.RealInterceptorChain.proceed(RealInterceptorChain.java:121)
at okhttp3.internal.cache.CacheInterceptor.intercept(CacheInterceptor.java:93)
at okhttp3.internal.http.RealInterceptorChain.proceed(RealInterceptorChain.java:147)
at okhttp3.internal.http.RealInterceptorChain.proceed(RealInterceptorChain.java:121)
at okhttp3.internal.http.BridgeInterceptor.intercept(BridgeInterceptor.java:93)
at okhttp3.internal.http.RealInterceptorChain.proceed(RealInterceptorChain.java:147)
at okhttp3.internal.http.RetryAndFollowUpInterceptor.intercept(RetryAndFollowUpInterceptor.java:126)
at okhttp3.internal.http.RealInterceptorChain.proceed(RealInterceptorChain.java:147)
at okhttp3.internal.http.RealInterceptorChain.proceed(RealInterceptorChain.java:121)
at okhttp3.RealCall.getResponseWithInterceptorChain(RealCall.java:200)
at okhttp3.RealCall.execute(RealCall.java:77)
at org.openqa.selenium.remote.internal.OkHttpClient.execute(OkHttpClient.java:103)
at org.openqa.selenium.remote.HttpCommandExecutor.execute(HttpCommandExecutor.java:155)
at org.openqa.selenium.remote.service.DriverCommandExecutor.execute(DriverCommandExecutor.java:83)
... 33 more
Caused by: java.net.SocketException: Socket closed
at java.base/sun.nio.ch.NioSocketImpl.endWrite(NioSocketImpl.java:388)
at java.base/sun.nio.ch.NioSocketImpl.implWrite(NioSocketImpl.java:427)
at java.base/sun.nio.ch.NioSocketImpl.write(NioSocketImpl.java:445)
at java.base/sun.nio.ch.NioSocketImpl$2.write(NioSocketImpl.java:831)
at java.base/java.net.Socket$SocketOutputStream.write(Socket.java:1035)
at okio.Okio$1.write(Okio.java:79)
at okio.AsyncTimeout$1.write(AsyncTimeout.java:180)
... 56 more
... Removed 27 stack frames]]>
    </failure>
  </testcase> <!-- test_Find_Purchase -->
</testsuite> <!-- B_Tests Two -->
