<?xml version="1.0" encoding="UTF-8"?>
<!-- Generated by org.testng.reporters.JUnitXMLReporter -->
<testsuite ignored="0" hostname="Doshena" failures="0" tests="3" name="Dragan test" time="0.541" errors="0" timestamp="2024-06-04T10:19:30 CEST">
  <testcase classname="android.RestTest2" name="GetBookDetails" time="0.189"/>
  <testcase classname="android.RestTest2" name="GetBookDetailsNo2" time="0.18"/>
  <testcase classname="android.RestTest2" name="GetBookDetailsNo23" time="0.161"/>
</testsuite> <!-- Dragan test -->
