<?xml version="1.0" encoding="UTF-8"?>
<!-- Generated by org.testng.reporters.JUnitXMLReporter -->
<testsuite ignored="0" hostname="Doshena" failures="0" tests="4" name="Default test" time="3.214" errors="0" timestamp="2024-05-28T20:35:18 CEST">
  <testcase classname="android.RestTest" name="GetBookDetails" time="2.547"/>
  <testcase classname="android.RestTest" name="GetBookDetailsNo2" time="0.183"/>
  <testcase classname="android.RestTest" name="GetBookDetailsNo23" time="0.165"/>
  <testcase classname="android.RestTest" name="GetBookDetailsNo24" time="0.182"/>
</testsuite> <!-- Default test -->
