<?xml version="1.0" encoding="UTF-8"?>
<!-- Generated by org.testng.reporters.JUnitXMLReporter -->
<testsuite ignored="0" hostname="Doshena" failures="0" tests="3" name="Default test" time="4.223" errors="0" timestamp="2024-05-26T10:28:59 CEST">
  <testcase classname="android.RestTest" name="GetBookDetails" time="3.367"/>
  <testcase classname="android.RestTest" name="GetBookDetailsNo2" time="0.438"/>
  <testcase classname="android.RestTest" name="GetBookDetailsNo23" time="0.318"/>
</testsuite> <!-- Default test -->
