<?xml version="1.0" encoding="UTF-8"?>
<!-- Generated by org.testng.reporters.JUnitXMLReporter -->
<testsuite ignored="0" hostname="Doshena" failures="0" tests="3" name="A_Tests One" time="40.427" errors="0" timestamp="2024-05-22T16:09:57 CEST">
  <testcase classname="android.BlazeLoginTest" name="test_Login_And_Verify" time="13.157"/>
  <testcase classname="android.BlazeLoginTest" name="test_Login_And_Verify_About_Us" time="15.932"/>
  <testcase classname="android.BlazeLoginTest" name="test_Alert" time="11.189"/>
</testsuite> <!-- A_Tests One -->
