<?xml version="1.0" encoding="UTF-8"?>
<!-- Generated by org.testng.reporters.JUnitXMLReporter -->
<testsuite ignored="0" hostname="Doshena" failures="0" tests="3" name="C_Tests Three" time="2.535" errors="0" timestamp="2024-05-22T16:10:19 CEST">
  <testcase classname="android.RestTest" name="GetBookDetails" time="2.127"/>
  <testcase classname="android.RestTest" name="GetBookDetailsNo2" time="0.203"/>
  <testcase classname="android.RestTest" name="GetBookDetailsNo23" time="0.187"/>
</testsuite> <!-- C_Tests Three -->
