<?xml version="1.0" encoding="UTF-8"?>
<!-- Generated by org.testng.reporters.JUnitXMLReporter -->
<testsuite ignored="0" hostname="Doshena" failures="1" tests="3" name="C_Tests Three" time="2.919" errors="0" timestamp="2024-05-07T09:01:23 CEST">
  <testcase classname="android.RestTest" name="GetBookDetails" time="2.54"/>
  <testcase classname="android.RestTest" name="GetBookDetailsNo2" time="0.183"/>
  <testcase classname="android.RestTest" name="GetBookDetailsNo23" time="0.16">
    <failure type="java.lang.AssertionError" message="time is not good">
      <![CDATA[java.lang.AssertionError: time is not good
at android.RestTest.GetBookDetailsNo23(RestTest.java:83)
at java.base/java.util.ArrayList.forEach(ArrayList.java:1597)
... Removed 30 stack frames]]>
    </failure>
  </testcase> <!-- GetBookDetailsNo23 -->
</testsuite> <!-- C_Tests Three -->
