<?xml version="1.0" encoding="UTF-8"?>
<testng-results ignored="0" total="11" passed="11" failed="0" skipped="0">
  <reporter-output>
    <line>
      <![CDATA[Login to store]]>
    </line>
    <line>
      <![CDATA[Check is logged]]>
    </line>
    <line>
      <![CDATA[Click on Labtops]]>
    </line>
    <line>
      <![CDATA[Find Lenovo]]>
    </line>
    <line>
      <![CDATA[Use contact form]]>
    </line>
    <line>
      <![CDATA[Login to store]]>
    </line>
    <line>
      <![CDATA[Check is logged]]>
    </line>
    <line>
      <![CDATA[Check About us]]>
    </line>
    <line>
      <![CDATA[Login to store]]>
    </line>
    <line>
      <![CDATA[Check is logged]]>
    </line>
    <line>
      <![CDATA[Click on Labtops]]>
    </line>
    <line>
      <![CDATA[Find Lenovo]]>
    </line>
    <line>
      <![CDATA[Use contact form]]>
    </line>
    <line>
      <![CDATA[Handle alert]]>
    </line>
    <line>
      <![CDATA[Set Username]]>
    </line>
    <line>
      <![CDATA[Set Password]]>
    </line>
    <line>
      <![CDATA[Click on Labtops]]>
    </line>
    <line>
      <![CDATA[Find Dell device]]>
    </line>
    <line>
      <![CDATA[Go to chart]]>
    </line>
    <line>
      <![CDATA[Log Out]]>
    </line>
    <line>
      <![CDATA[Verify Log Out]]>
    </line>
  </reporter-output>
  <suite started-at="2024-05-29T08:28:25 CEST" name=" Dragan Suite" finished-at="2024-05-29T10:29:03 CEST" duration-ms="7237793">
    <groups>
    </groups>
    <test started-at="2024-05-29T08:28:25 CEST" name="A_Tests One" finished-at="2024-05-29T10:28:27 CEST" duration-ms="7202065">
      <class name="android.BlazeLoginTest">
        <test-method is-config="true" signature="setup()[pri:0, instance:android.BlazeLoginTest@2f217633]" started-at="2024-05-29T08:28:25 CEST" name="setup" finished-at="2024-05-29T08:28:25 CEST" duration-ms="16" status="PASS">
          <reporter-output>
          </reporter-output>
        </test-method> <!-- setup -->
        <test-method signature="test_Login_And_Verify()[pri:0, instance:android.BlazeLoginTest@2f217633]" started-at="2024-05-29T08:28:25 CEST" name="test_Login_And_Verify" finished-at="2024-05-29T08:28:54 CEST" duration-ms="29254" status="PASS">
          <reporter-output>
            <line>
              <![CDATA[Login to store]]>
            </line>
            <line>
              <![CDATA[Check is logged]]>
            </line>
            <line>
              <![CDATA[Click on Labtops]]>
            </line>
            <line>
              <![CDATA[Find Lenovo]]>
            </line>
            <line>
              <![CDATA[Use contact form]]>
            </line>
          </reporter-output>
        </test-method> <!-- test_Login_And_Verify -->
        <test-method signature="test_Login_And_Verify_About_Us()[pri:1, instance:android.BlazeLoginTest@2f217633]" started-at="2024-05-29T08:28:54 CEST" name="test_Login_And_Verify_About_Us" finished-at="2024-05-29T08:29:16 CEST" duration-ms="21721" status="PASS">
          <reporter-output>
            <line>
              <![CDATA[Login to store]]>
            </line>
            <line>
              <![CDATA[Check is logged]]>
            </line>
            <line>
              <![CDATA[Check About us]]>
            </line>
          </reporter-output>
        </test-method> <!-- test_Login_And_Verify_About_Us -->
        <test-method signature="test_Alert()[pri:2, instance:android.BlazeLoginTest@2f217633]" started-at="2024-05-29T08:29:16 CEST" name="test_Alert" finished-at="2024-05-29T10:28:27 CEST" duration-ms="7150914" status="PASS">
          <reporter-output>
            <line>
              <![CDATA[Login to store]]>
            </line>
            <line>
              <![CDATA[Check is logged]]>
            </line>
            <line>
              <![CDATA[Click on Labtops]]>
            </line>
            <line>
              <![CDATA[Find Lenovo]]>
            </line>
            <line>
              <![CDATA[Use contact form]]>
            </line>
            <line>
              <![CDATA[Handle alert]]>
            </line>
          </reporter-output>
        </test-method> <!-- test_Alert -->
      </class> <!-- android.BlazeLoginTest -->
    </test> <!-- A_Tests One -->
    <test started-at="2024-05-29T10:28:27 CEST" name="B_Tests Two" finished-at="2024-05-29T10:28:59 CEST" duration-ms="31826">
      <class name="android.BlazeFindAndPurchaseTest">
        <test-method signature="test_Find_Purchase()[pri:0, instance:android.BlazeFindAndPurchaseTest@5a56cdac]" started-at="2024-05-29T10:28:27 CEST" name="test_Find_Purchase" finished-at="2024-05-29T10:28:59 CEST" duration-ms="31826" status="PASS">
          <reporter-output>
            <line>
              <![CDATA[Set Username]]>
            </line>
            <line>
              <![CDATA[Set Password]]>
            </line>
            <line>
              <![CDATA[Click on Labtops]]>
            </line>
            <line>
              <![CDATA[Find Dell device]]>
            </line>
            <line>
              <![CDATA[Go to chart]]>
            </line>
            <line>
              <![CDATA[Log Out]]>
            </line>
            <line>
              <![CDATA[Verify Log Out]]>
            </line>
          </reporter-output>
        </test-method> <!-- test_Find_Purchase -->
        <test-method is-config="true" signature="setup()[pri:0, instance:android.BlazeFindAndPurchaseTest@5a56cdac]" started-at="2024-05-29T10:28:27 CEST" name="setup" finished-at="2024-05-29T10:28:27 CEST" duration-ms="0" status="PASS">
          <reporter-output>
          </reporter-output>
        </test-method> <!-- setup -->
      </class> <!-- android.BlazeFindAndPurchaseTest -->
    </test> <!-- B_Tests Two -->
    <test started-at="2024-05-29T10:28:59 CEST" name="C_Tests Three" finished-at="2024-05-29T10:29:02 CEST" duration-ms="3260">
      <class name="android.RestTest">
        <test-method signature="GetBookDetails()[pri:0, instance:android.RestTest@3c7f66c4]" started-at="2024-05-29T10:28:59 CEST" name="GetBookDetails" finished-at="2024-05-29T10:29:02 CEST" duration-ms="2742" status="PASS">
          <reporter-output>
          </reporter-output>
        </test-method> <!-- GetBookDetails -->
        <test-method signature="GetBookDetailsNo2()[pri:0, instance:android.RestTest@3c7f66c4]" started-at="2024-05-29T10:29:02 CEST" name="GetBookDetailsNo2" finished-at="2024-05-29T10:29:02 CEST" duration-ms="189" status="PASS">
          <reporter-output>
          </reporter-output>
        </test-method> <!-- GetBookDetailsNo2 -->
        <test-method signature="GetBookDetailsNo23()[pri:0, instance:android.RestTest@3c7f66c4]" started-at="2024-05-29T10:29:02 CEST" name="GetBookDetailsNo23" finished-at="2024-05-29T10:29:02 CEST" duration-ms="157" status="PASS">
          <reporter-output>
          </reporter-output>
        </test-method> <!-- GetBookDetailsNo23 -->
        <test-method signature="GetBookDetailsNo24()[pri:0, instance:android.RestTest@3c7f66c4]" started-at="2024-05-29T10:29:02 CEST" name="GetBookDetailsNo24" finished-at="2024-05-29T10:29:02 CEST" duration-ms="157" status="PASS">
          <reporter-output>
          </reporter-output>
        </test-method> <!-- GetBookDetailsNo24 -->
      </class> <!-- android.RestTest -->
    </test> <!-- C_Tests Three -->
    <test started-at="2024-05-29T10:29:02 CEST" name="Dragan test" finished-at="2024-05-29T10:29:03 CEST" duration-ms="548">
      <class name="android.RestTest2">
        <test-method signature="GetBookDetails()[pri:0, instance:android.RestTest2@316bcf94]" started-at="2024-05-29T10:29:02 CEST" name="GetBookDetails" finished-at="2024-05-29T10:29:02 CEST" duration-ms="172" status="PASS">
          <reporter-output>
          </reporter-output>
        </test-method> <!-- GetBookDetails -->
        <test-method signature="GetBookDetailsNo2()[pri:0, instance:android.RestTest2@316bcf94]" started-at="2024-05-29T10:29:02 CEST" name="GetBookDetailsNo2" finished-at="2024-05-29T10:29:03 CEST" duration-ms="229" status="PASS">
          <reporter-output>
          </reporter-output>
        </test-method> <!-- GetBookDetailsNo2 -->
        <test-method signature="GetBookDetailsNo23()[pri:0, instance:android.RestTest2@316bcf94]" started-at="2024-05-29T10:29:03 CEST" name="GetBookDetailsNo23" finished-at="2024-05-29T10:29:03 CEST" duration-ms="147" status="PASS">
          <reporter-output>
          </reporter-output>
        </test-method> <!-- GetBookDetailsNo23 -->
      </class> <!-- android.RestTest2 -->
    </test> <!-- Dragan test -->
  </suite> <!--  Dragan Suite -->
</testng-results>
