<?xml version="1.0" encoding="UTF-8"?>
<testng-results ignored="0" total="11" passed="7" failed="4" skipped="0">
  <reporter-output>
  </reporter-output>
  <suite started-at="2024-06-04T10:18:09 CEST" name=" Dragan Suite" finished-at="2024-06-04T10:18:22 CEST" duration-ms="13190">
    <groups>
    </groups>
    <test started-at="2024-06-04T10:18:09 CEST" name="A_Tests One" finished-at="2024-06-04T10:18:16 CEST" duration-ms="6873">
      <class name="android.BlazeLoginTest">
        <test-method is-config="true" signature="setup()[pri:0, instance:android.BlazeLoginTest@2f217633]" started-at="2024-06-04T10:18:09 CEST" name="setup" finished-at="2024-06-04T10:18:09 CEST" duration-ms="19" status="PASS">
          <reporter-output>
          </reporter-output>
        </test-method> <!-- setup -->
        <test-method signature="test_Login_And_Verify()[pri:0, instance:android.BlazeLoginTest@2f217633]" started-at="2024-06-04T10:18:09 CEST" name="test_Login_And_Verify" finished-at="2024-06-04T10:18:11 CEST" duration-ms="1647" status="FAIL">
          <exception class="org.openqa.selenium.SessionNotCreatedException">
            <message>
              <![CDATA[session not created: This version of Microsoft Edge WebDriver only supports Microsoft Edge version 123
Current browser version is 125.0.2535.67 with binary path C:\Program Files (x86)\Microsoft\Edge\Application\msedge.exe
Build info: version: '3.141.59', revision: 'e82be7d358', time: '2018-11-14T08:17:03'
System info: host: 'DOSHENA', ip: '192.168.1.62', os.name: 'Windows 11', os.arch: 'amd64', os.version: '10.0', java.version: '22'
Driver info: driver.version: EdgeDriver
remote stacktrace: GetHandleVerifier [0x00007FF7D66A5B82+59842]
Microsoft::Applications::Events::ILogConfiguration::operator* [0x00007FF7D6634AB2+220434]
(No symbol) [0x00007FF7D645DCD7]
(No symbol) [0x00007FF7D6495E81]
(No symbol) [0x00007FF7D6495321]
(No symbol) [0x00007FF7D648FA00]
(No symbol) [0x00007FF7D648C2C0]
(No symbol) [0x00007FF7D64CDE97]
(No symbol) [0x00007FF7D64C3B93]
(No symbol) [0x00007FF7D649960E]
(No symbol) [0x00007FF7D64987CC]
(No symbol) [0x00007FF7D64991C1]
Microsoft::Applications::Events::EventProperty::to_string [0x00007FF7D68558FC+1052188]
(No symbol) [0x00007FF7D650FFC6]
Microsoft::Applications::Events::EventProperty::~EventProperty [0x00007FF7D65B150C+37916]
Microsoft::Applications::Events::EventProperty::~EventProperty [0x00007FF7D65A8E95+3493]
Microsoft::Applications::Events::EventProperty::to_string [0x00007FF7D6854865+1047941]
Microsoft::Applications::Events::ILogConfiguration::operator* [0x00007FF7D663D2C1+255265]
Microsoft::Applications::Events::ILogConfiguration::operator* [0x00007FF7D66385B4+235540]
Microsoft::Applications::Events::ILogConfiguration::operator* [0x00007FF7D66386EB+235851]
Microsoft::Applications::Events::ILogConfiguration::operator* [0x00007FF7D662FEE1+201025]
BaseThreadInitThunk [0x00007FFDC576257D+29]
RtlUserThreadStart [0x00007FFDC7A6AA48+40]
]]>
            </message>
            <full-stacktrace>
              <![CDATA[org.openqa.selenium.SessionNotCreatedException: session not created: This version of Microsoft Edge WebDriver only supports Microsoft Edge version 123
Current browser version is 125.0.2535.67 with binary path C:\Program Files (x86)\Microsoft\Edge\Application\msedge.exe
Build info: version: '3.141.59', revision: 'e82be7d358', time: '2018-11-14T08:17:03'
System info: host: 'DOSHENA', ip: '192.168.1.62', os.name: 'Windows 11', os.arch: 'amd64', os.version: '10.0', java.version: '22'
Driver info: driver.version: EdgeDriver
remote stacktrace: GetHandleVerifier [0x00007FF7D66A5B82+59842]
Microsoft::Applications::Events::ILogConfiguration::operator* [0x00007FF7D6634AB2+220434]
(No symbol) [0x00007FF7D645DCD7]
(No symbol) [0x00007FF7D6495E81]
(No symbol) [0x00007FF7D6495321]
(No symbol) [0x00007FF7D648FA00]
(No symbol) [0x00007FF7D648C2C0]
(No symbol) [0x00007FF7D64CDE97]
(No symbol) [0x00007FF7D64C3B93]
(No symbol) [0x00007FF7D649960E]
(No symbol) [0x00007FF7D64987CC]
(No symbol) [0x00007FF7D64991C1]
Microsoft::Applications::Events::EventProperty::to_string [0x00007FF7D68558FC+1052188]
(No symbol) [0x00007FF7D650FFC6]
Microsoft::Applications::Events::EventProperty::~EventProperty [0x00007FF7D65B150C+37916]
Microsoft::Applications::Events::EventProperty::~EventProperty [0x00007FF7D65A8E95+3493]
Microsoft::Applications::Events::EventProperty::to_string [0x00007FF7D6854865+1047941]
Microsoft::Applications::Events::ILogConfiguration::operator* [0x00007FF7D663D2C1+255265]
Microsoft::Applications::Events::ILogConfiguration::operator* [0x00007FF7D66385B4+235540]
Microsoft::Applications::Events::ILogConfiguration::operator* [0x00007FF7D66386EB+235851]
Microsoft::Applications::Events::ILogConfiguration::operator* [0x00007FF7D662FEE1+201025]
BaseThreadInitThunk [0x00007FFDC576257D+29]
RtlUserThreadStart [0x00007FFDC7A6AA48+40]

at java.base/jdk.internal.reflect.DirectConstructorHandleAccessor.newInstance(DirectConstructorHandleAccessor.java:62)
at java.base/java.lang.reflect.Constructor.newInstanceWithCaller(Constructor.java:502)
at java.base/java.lang.reflect.Constructor.newInstance(Constructor.java:486)
at org.openqa.selenium.remote.W3CHandshakeResponse.lambda$errorHandler$0(W3CHandshakeResponse.java:62)
at org.openqa.selenium.remote.HandshakeResponse.lambda$getResponseFunction$0(HandshakeResponse.java:30)
at org.openqa.selenium.remote.ProtocolHandshake.lambda$createSession$0(ProtocolHandshake.java:126)
at java.base/java.util.stream.ReferencePipeline$3$1.accept(ReferencePipeline.java:212)
at java.base/java.util.Spliterators$ArraySpliterator.tryAdvance(Spliterators.java:1034)
at java.base/java.util.stream.ReferencePipeline.forEachWithCancel(ReferencePipeline.java:144)
at java.base/java.util.stream.AbstractPipeline.copyIntoWithCancel(AbstractPipeline.java:574)
at java.base/java.util.stream.AbstractPipeline.copyInto(AbstractPipeline.java:560)
at java.base/java.util.stream.AbstractPipeline.wrapAndCopyInto(AbstractPipeline.java:546)
at java.base/java.util.stream.FindOps$FindOp.evaluateSequential(FindOps.java:150)
at java.base/java.util.stream.AbstractPipeline.evaluate(AbstractPipeline.java:265)
at java.base/java.util.stream.ReferencePipeline.findFirst(ReferencePipeline.java:662)
at org.openqa.selenium.remote.ProtocolHandshake.createSession(ProtocolHandshake.java:128)
at org.openqa.selenium.remote.ProtocolHandshake.createSession(ProtocolHandshake.java:74)
at org.openqa.selenium.remote.HttpCommandExecutor.execute(HttpCommandExecutor.java:136)
at org.openqa.selenium.remote.service.DriverCommandExecutor.execute(DriverCommandExecutor.java:83)
at org.openqa.selenium.remote.RemoteWebDriver.execute(RemoteWebDriver.java:552)
at org.openqa.selenium.remote.RemoteWebDriver.startSession(RemoteWebDriver.java:213)
at org.openqa.selenium.remote.RemoteWebDriver.<init>(RemoteWebDriver.java:131)
at org.openqa.selenium.edge.EdgeDriver.<init>(EdgeDriver.java:141)
at org.openqa.selenium.edge.EdgeDriver.<init>(EdgeDriver.java:96)
at android.BlazeLoginTest.test_Login_And_Verify(BlazeLoginTest.java:42)
at java.base/jdk.internal.reflect.DirectMethodHandleAccessor.invoke(DirectMethodHandleAccessor.java:103)
at java.base/java.lang.reflect.Method.invoke(Method.java:580)
at org.testng.internal.MethodInvocationHelper.invokeMethod(MethodInvocationHelper.java:133)
at org.testng.internal.TestInvoker.invokeMethod(TestInvoker.java:584)
at org.testng.internal.TestInvoker.invokeTestMethod(TestInvoker.java:172)
at org.testng.internal.MethodRunner.runInSequence(MethodRunner.java:46)
at org.testng.internal.TestInvoker$MethodInvocationAgent.invoke(TestInvoker.java:804)
at org.testng.internal.TestInvoker.invokeTestMethods(TestInvoker.java:145)
at org.testng.internal.TestMethodWorker.invokeTestMethods(TestMethodWorker.java:146)
at org.testng.internal.TestMethodWorker.run(TestMethodWorker.java:128)
at java.base/java.util.ArrayList.forEach(ArrayList.java:1597)
at org.testng.TestRunner.privateRun(TestRunner.java:770)
at org.testng.TestRunner.run(TestRunner.java:591)
at org.testng.SuiteRunner.runTest(SuiteRunner.java:402)
at org.testng.SuiteRunner.runSequentially(SuiteRunner.java:396)
at org.testng.SuiteRunner.privateRun(SuiteRunner.java:355)
at org.testng.SuiteRunner.run(SuiteRunner.java:304)
at org.testng.SuiteRunnerWorker.runSuite(SuiteRunnerWorker.java:53)
at org.testng.SuiteRunnerWorker.run(SuiteRunnerWorker.java:96)
at org.testng.TestNG.runSuitesSequentially(TestNG.java:1180)
at org.testng.TestNG.runSuitesLocally(TestNG.java:1102)
at org.testng.TestNG.runSuites(TestNG.java:1032)
at org.testng.TestNG.run(TestNG.java:1000)
at org.apache.maven.surefire.testng.TestNGExecutor.run(TestNGExecutor.java:308)
at org.apache.maven.surefire.testng.TestNGXmlTestSuite.execute(TestNGXmlTestSuite.java:71)
at org.apache.maven.surefire.testng.TestNGProvider.invoke(TestNGProvider.java:113)
at org.apache.maven.surefire.booter.ForkedBooter.runSuitesInProcess(ForkedBooter.java:385)
at org.apache.maven.surefire.booter.ForkedBooter.execute(ForkedBooter.java:162)
at org.apache.maven.surefire.booter.ForkedBooter.run(ForkedBooter.java:507)
at org.apache.maven.surefire.booter.ForkedBooter.main(ForkedBooter.java:495)
]]>
            </full-stacktrace>
          </exception> <!-- org.openqa.selenium.SessionNotCreatedException -->
          <reporter-output>
          </reporter-output>
        </test-method> <!-- test_Login_And_Verify -->
        <test-method signature="test_Login_And_Verify_About_Us()[pri:1, instance:android.BlazeLoginTest@2f217633]" started-at="2024-06-04T10:18:11 CEST" name="test_Login_And_Verify_About_Us" finished-at="2024-06-04T10:18:13 CEST" duration-ms="2429" status="FAIL">
          <exception class="org.openqa.selenium.SessionNotCreatedException">
            <message>
              <![CDATA[session not created: This version of Microsoft Edge WebDriver only supports Microsoft Edge version 123
Current browser version is 125.0.2535.67 with binary path C:\Program Files (x86)\Microsoft\Edge\Application\msedge.exe
Build info: version: '3.141.59', revision: 'e82be7d358', time: '2018-11-14T08:17:03'
System info: host: 'DOSHENA', ip: '192.168.1.62', os.name: 'Windows 11', os.arch: 'amd64', os.version: '10.0', java.version: '22'
Driver info: driver.version: EdgeDriver
remote stacktrace: GetHandleVerifier [0x00007FF7D66A5B82+59842]
Microsoft::Applications::Events::ILogConfiguration::operator* [0x00007FF7D6634AB2+220434]
(No symbol) [0x00007FF7D645DCD7]
(No symbol) [0x00007FF7D6495E81]
(No symbol) [0x00007FF7D6495321]
(No symbol) [0x00007FF7D648FA00]
(No symbol) [0x00007FF7D648C2C0]
(No symbol) [0x00007FF7D64CDE97]
(No symbol) [0x00007FF7D64C3B93]
(No symbol) [0x00007FF7D649960E]
(No symbol) [0x00007FF7D64987CC]
(No symbol) [0x00007FF7D64991C1]
Microsoft::Applications::Events::EventProperty::to_string [0x00007FF7D68558FC+1052188]
(No symbol) [0x00007FF7D650FFC6]
Microsoft::Applications::Events::EventProperty::~EventProperty [0x00007FF7D65B150C+37916]
Microsoft::Applications::Events::EventProperty::~EventProperty [0x00007FF7D65A8E95+3493]
Microsoft::Applications::Events::EventProperty::to_string [0x00007FF7D6854865+1047941]
Microsoft::Applications::Events::ILogConfiguration::operator* [0x00007FF7D663D2C1+255265]
Microsoft::Applications::Events::ILogConfiguration::operator* [0x00007FF7D66385B4+235540]
Microsoft::Applications::Events::ILogConfiguration::operator* [0x00007FF7D66386EB+235851]
Microsoft::Applications::Events::ILogConfiguration::operator* [0x00007FF7D662FEE1+201025]
BaseThreadInitThunk [0x00007FFDC576257D+29]
RtlUserThreadStart [0x00007FFDC7A6AA48+40]
]]>
            </message>
            <full-stacktrace>
              <![CDATA[org.openqa.selenium.SessionNotCreatedException: session not created: This version of Microsoft Edge WebDriver only supports Microsoft Edge version 123
Current browser version is 125.0.2535.67 with binary path C:\Program Files (x86)\Microsoft\Edge\Application\msedge.exe
Build info: version: '3.141.59', revision: 'e82be7d358', time: '2018-11-14T08:17:03'
System info: host: 'DOSHENA', ip: '192.168.1.62', os.name: 'Windows 11', os.arch: 'amd64', os.version: '10.0', java.version: '22'
Driver info: driver.version: EdgeDriver
remote stacktrace: GetHandleVerifier [0x00007FF7D66A5B82+59842]
Microsoft::Applications::Events::ILogConfiguration::operator* [0x00007FF7D6634AB2+220434]
(No symbol) [0x00007FF7D645DCD7]
(No symbol) [0x00007FF7D6495E81]
(No symbol) [0x00007FF7D6495321]
(No symbol) [0x00007FF7D648FA00]
(No symbol) [0x00007FF7D648C2C0]
(No symbol) [0x00007FF7D64CDE97]
(No symbol) [0x00007FF7D64C3B93]
(No symbol) [0x00007FF7D649960E]
(No symbol) [0x00007FF7D64987CC]
(No symbol) [0x00007FF7D64991C1]
Microsoft::Applications::Events::EventProperty::to_string [0x00007FF7D68558FC+1052188]
(No symbol) [0x00007FF7D650FFC6]
Microsoft::Applications::Events::EventProperty::~EventProperty [0x00007FF7D65B150C+37916]
Microsoft::Applications::Events::EventProperty::~EventProperty [0x00007FF7D65A8E95+3493]
Microsoft::Applications::Events::EventProperty::to_string [0x00007FF7D6854865+1047941]
Microsoft::Applications::Events::ILogConfiguration::operator* [0x00007FF7D663D2C1+255265]
Microsoft::Applications::Events::ILogConfiguration::operator* [0x00007FF7D66385B4+235540]
Microsoft::Applications::Events::ILogConfiguration::operator* [0x00007FF7D66386EB+235851]
Microsoft::Applications::Events::ILogConfiguration::operator* [0x00007FF7D662FEE1+201025]
BaseThreadInitThunk [0x00007FFDC576257D+29]
RtlUserThreadStart [0x00007FFDC7A6AA48+40]

at java.base/jdk.internal.reflect.DirectConstructorHandleAccessor.newInstance(DirectConstructorHandleAccessor.java:62)
at java.base/java.lang.reflect.Constructor.newInstanceWithCaller(Constructor.java:502)
at java.base/java.lang.reflect.Constructor.newInstance(Constructor.java:486)
at org.openqa.selenium.remote.W3CHandshakeResponse.lambda$errorHandler$0(W3CHandshakeResponse.java:62)
at org.openqa.selenium.remote.HandshakeResponse.lambda$getResponseFunction$0(HandshakeResponse.java:30)
at org.openqa.selenium.remote.ProtocolHandshake.lambda$createSession$0(ProtocolHandshake.java:126)
at java.base/java.util.stream.ReferencePipeline$3$1.accept(ReferencePipeline.java:212)
at java.base/java.util.Spliterators$ArraySpliterator.tryAdvance(Spliterators.java:1034)
at java.base/java.util.stream.ReferencePipeline.forEachWithCancel(ReferencePipeline.java:144)
at java.base/java.util.stream.AbstractPipeline.copyIntoWithCancel(AbstractPipeline.java:574)
at java.base/java.util.stream.AbstractPipeline.copyInto(AbstractPipeline.java:560)
at java.base/java.util.stream.AbstractPipeline.wrapAndCopyInto(AbstractPipeline.java:546)
at java.base/java.util.stream.FindOps$FindOp.evaluateSequential(FindOps.java:150)
at java.base/java.util.stream.AbstractPipeline.evaluate(AbstractPipeline.java:265)
at java.base/java.util.stream.ReferencePipeline.findFirst(ReferencePipeline.java:662)
at org.openqa.selenium.remote.ProtocolHandshake.createSession(ProtocolHandshake.java:128)
at org.openqa.selenium.remote.ProtocolHandshake.createSession(ProtocolHandshake.java:74)
at org.openqa.selenium.remote.HttpCommandExecutor.execute(HttpCommandExecutor.java:136)
at org.openqa.selenium.remote.service.DriverCommandExecutor.execute(DriverCommandExecutor.java:83)
at org.openqa.selenium.remote.RemoteWebDriver.execute(RemoteWebDriver.java:552)
at org.openqa.selenium.remote.RemoteWebDriver.startSession(RemoteWebDriver.java:213)
at org.openqa.selenium.remote.RemoteWebDriver.<init>(RemoteWebDriver.java:131)
at org.openqa.selenium.edge.EdgeDriver.<init>(EdgeDriver.java:141)
at org.openqa.selenium.edge.EdgeDriver.<init>(EdgeDriver.java:96)
at android.BlazeLoginTest.test_Login_And_Verify_About_Us(BlazeLoginTest.java:73)
at java.base/jdk.internal.reflect.DirectMethodHandleAccessor.invoke(DirectMethodHandleAccessor.java:103)
at java.base/java.lang.reflect.Method.invoke(Method.java:580)
at org.testng.internal.MethodInvocationHelper.invokeMethod(MethodInvocationHelper.java:133)
at org.testng.internal.TestInvoker.invokeMethod(TestInvoker.java:584)
at org.testng.internal.TestInvoker.invokeTestMethod(TestInvoker.java:172)
at org.testng.internal.MethodRunner.runInSequence(MethodRunner.java:46)
at org.testng.internal.TestInvoker$MethodInvocationAgent.invoke(TestInvoker.java:804)
at org.testng.internal.TestInvoker.invokeTestMethods(TestInvoker.java:145)
at org.testng.internal.TestMethodWorker.invokeTestMethods(TestMethodWorker.java:146)
at org.testng.internal.TestMethodWorker.run(TestMethodWorker.java:128)
at java.base/java.util.ArrayList.forEach(ArrayList.java:1597)
at org.testng.TestRunner.privateRun(TestRunner.java:770)
at org.testng.TestRunner.run(TestRunner.java:591)
at org.testng.SuiteRunner.runTest(SuiteRunner.java:402)
at org.testng.SuiteRunner.runSequentially(SuiteRunner.java:396)
at org.testng.SuiteRunner.privateRun(SuiteRunner.java:355)
at org.testng.SuiteRunner.run(SuiteRunner.java:304)
at org.testng.SuiteRunnerWorker.runSuite(SuiteRunnerWorker.java:53)
at org.testng.SuiteRunnerWorker.run(SuiteRunnerWorker.java:96)
at org.testng.TestNG.runSuitesSequentially(TestNG.java:1180)
at org.testng.TestNG.runSuitesLocally(TestNG.java:1102)
at org.testng.TestNG.runSuites(TestNG.java:1032)
at org.testng.TestNG.run(TestNG.java:1000)
at org.apache.maven.surefire.testng.TestNGExecutor.run(TestNGExecutor.java:308)
at org.apache.maven.surefire.testng.TestNGXmlTestSuite.execute(TestNGXmlTestSuite.java:71)
at org.apache.maven.surefire.testng.TestNGProvider.invoke(TestNGProvider.java:113)
at org.apache.maven.surefire.booter.ForkedBooter.runSuitesInProcess(ForkedBooter.java:385)
at org.apache.maven.surefire.booter.ForkedBooter.execute(ForkedBooter.java:162)
at org.apache.maven.surefire.booter.ForkedBooter.run(ForkedBooter.java:507)
at org.apache.maven.surefire.booter.ForkedBooter.main(ForkedBooter.java:495)
]]>
            </full-stacktrace>
          </exception> <!-- org.openqa.selenium.SessionNotCreatedException -->
          <reporter-output>
          </reporter-output>
        </test-method> <!-- test_Login_And_Verify_About_Us -->
        <test-method signature="test_Alert()[pri:2, instance:android.BlazeLoginTest@2f217633]" started-at="2024-06-04T10:18:13 CEST" name="test_Alert" finished-at="2024-06-04T10:18:16 CEST" duration-ms="2661" status="FAIL">
          <exception class="org.openqa.selenium.SessionNotCreatedException">
            <message>
              <![CDATA[session not created: This version of Microsoft Edge WebDriver only supports Microsoft Edge version 123
Current browser version is 125.0.2535.67 with binary path C:\Program Files (x86)\Microsoft\Edge\Application\msedge.exe
Build info: version: '3.141.59', revision: 'e82be7d358', time: '2018-11-14T08:17:03'
System info: host: 'DOSHENA', ip: '192.168.1.62', os.name: 'Windows 11', os.arch: 'amd64', os.version: '10.0', java.version: '22'
Driver info: driver.version: EdgeDriver
remote stacktrace: GetHandleVerifier [0x00007FF7D66A5B82+59842]
Microsoft::Applications::Events::ILogConfiguration::operator* [0x00007FF7D6634AB2+220434]
(No symbol) [0x00007FF7D645DCD7]
(No symbol) [0x00007FF7D6495E81]
(No symbol) [0x00007FF7D6495321]
(No symbol) [0x00007FF7D648FA00]
(No symbol) [0x00007FF7D648C2C0]
(No symbol) [0x00007FF7D64CDE97]
(No symbol) [0x00007FF7D64C3B93]
(No symbol) [0x00007FF7D649960E]
(No symbol) [0x00007FF7D64987CC]
(No symbol) [0x00007FF7D64991C1]
Microsoft::Applications::Events::EventProperty::to_string [0x00007FF7D68558FC+1052188]
(No symbol) [0x00007FF7D650FFC6]
Microsoft::Applications::Events::EventProperty::~EventProperty [0x00007FF7D65B150C+37916]
Microsoft::Applications::Events::EventProperty::~EventProperty [0x00007FF7D65A8E95+3493]
Microsoft::Applications::Events::EventProperty::to_string [0x00007FF7D6854865+1047941]
Microsoft::Applications::Events::ILogConfiguration::operator* [0x00007FF7D663D2C1+255265]
Microsoft::Applications::Events::ILogConfiguration::operator* [0x00007FF7D66385B4+235540]
Microsoft::Applications::Events::ILogConfiguration::operator* [0x00007FF7D66386EB+235851]
Microsoft::Applications::Events::ILogConfiguration::operator* [0x00007FF7D662FEE1+201025]
BaseThreadInitThunk [0x00007FFDC576257D+29]
RtlUserThreadStart [0x00007FFDC7A6AA48+40]
]]>
            </message>
            <full-stacktrace>
              <![CDATA[org.openqa.selenium.SessionNotCreatedException: session not created: This version of Microsoft Edge WebDriver only supports Microsoft Edge version 123
Current browser version is 125.0.2535.67 with binary path C:\Program Files (x86)\Microsoft\Edge\Application\msedge.exe
Build info: version: '3.141.59', revision: 'e82be7d358', time: '2018-11-14T08:17:03'
System info: host: 'DOSHENA', ip: '192.168.1.62', os.name: 'Windows 11', os.arch: 'amd64', os.version: '10.0', java.version: '22'
Driver info: driver.version: EdgeDriver
remote stacktrace: GetHandleVerifier [0x00007FF7D66A5B82+59842]
Microsoft::Applications::Events::ILogConfiguration::operator* [0x00007FF7D6634AB2+220434]
(No symbol) [0x00007FF7D645DCD7]
(No symbol) [0x00007FF7D6495E81]
(No symbol) [0x00007FF7D6495321]
(No symbol) [0x00007FF7D648FA00]
(No symbol) [0x00007FF7D648C2C0]
(No symbol) [0x00007FF7D64CDE97]
(No symbol) [0x00007FF7D64C3B93]
(No symbol) [0x00007FF7D649960E]
(No symbol) [0x00007FF7D64987CC]
(No symbol) [0x00007FF7D64991C1]
Microsoft::Applications::Events::EventProperty::to_string [0x00007FF7D68558FC+1052188]
(No symbol) [0x00007FF7D650FFC6]
Microsoft::Applications::Events::EventProperty::~EventProperty [0x00007FF7D65B150C+37916]
Microsoft::Applications::Events::EventProperty::~EventProperty [0x00007FF7D65A8E95+3493]
Microsoft::Applications::Events::EventProperty::to_string [0x00007FF7D6854865+1047941]
Microsoft::Applications::Events::ILogConfiguration::operator* [0x00007FF7D663D2C1+255265]
Microsoft::Applications::Events::ILogConfiguration::operator* [0x00007FF7D66385B4+235540]
Microsoft::Applications::Events::ILogConfiguration::operator* [0x00007FF7D66386EB+235851]
Microsoft::Applications::Events::ILogConfiguration::operator* [0x00007FF7D662FEE1+201025]
BaseThreadInitThunk [0x00007FFDC576257D+29]
RtlUserThreadStart [0x00007FFDC7A6AA48+40]

at java.base/jdk.internal.reflect.DirectConstructorHandleAccessor.newInstance(DirectConstructorHandleAccessor.java:62)
at java.base/java.lang.reflect.Constructor.newInstanceWithCaller(Constructor.java:502)
at java.base/java.lang.reflect.Constructor.newInstance(Constructor.java:486)
at org.openqa.selenium.remote.W3CHandshakeResponse.lambda$errorHandler$0(W3CHandshakeResponse.java:62)
at org.openqa.selenium.remote.HandshakeResponse.lambda$getResponseFunction$0(HandshakeResponse.java:30)
at org.openqa.selenium.remote.ProtocolHandshake.lambda$createSession$0(ProtocolHandshake.java:126)
at java.base/java.util.stream.ReferencePipeline$3$1.accept(ReferencePipeline.java:212)
at java.base/java.util.Spliterators$ArraySpliterator.tryAdvance(Spliterators.java:1034)
at java.base/java.util.stream.ReferencePipeline.forEachWithCancel(ReferencePipeline.java:144)
at java.base/java.util.stream.AbstractPipeline.copyIntoWithCancel(AbstractPipeline.java:574)
at java.base/java.util.stream.AbstractPipeline.copyInto(AbstractPipeline.java:560)
at java.base/java.util.stream.AbstractPipeline.wrapAndCopyInto(AbstractPipeline.java:546)
at java.base/java.util.stream.FindOps$FindOp.evaluateSequential(FindOps.java:150)
at java.base/java.util.stream.AbstractPipeline.evaluate(AbstractPipeline.java:265)
at java.base/java.util.stream.ReferencePipeline.findFirst(ReferencePipeline.java:662)
at org.openqa.selenium.remote.ProtocolHandshake.createSession(ProtocolHandshake.java:128)
at org.openqa.selenium.remote.ProtocolHandshake.createSession(ProtocolHandshake.java:74)
at org.openqa.selenium.remote.HttpCommandExecutor.execute(HttpCommandExecutor.java:136)
at org.openqa.selenium.remote.service.DriverCommandExecutor.execute(DriverCommandExecutor.java:83)
at org.openqa.selenium.remote.RemoteWebDriver.execute(RemoteWebDriver.java:552)
at org.openqa.selenium.remote.RemoteWebDriver.startSession(RemoteWebDriver.java:213)
at org.openqa.selenium.remote.RemoteWebDriver.<init>(RemoteWebDriver.java:131)
at org.openqa.selenium.edge.EdgeDriver.<init>(EdgeDriver.java:141)
at org.openqa.selenium.edge.EdgeDriver.<init>(EdgeDriver.java:96)
at android.BlazeLoginTest.test_Alert(BlazeLoginTest.java:104)
at java.base/jdk.internal.reflect.DirectMethodHandleAccessor.invoke(DirectMethodHandleAccessor.java:103)
at java.base/java.lang.reflect.Method.invoke(Method.java:580)
at org.testng.internal.MethodInvocationHelper.invokeMethod(MethodInvocationHelper.java:133)
at org.testng.internal.TestInvoker.invokeMethod(TestInvoker.java:584)
at org.testng.internal.TestInvoker.invokeTestMethod(TestInvoker.java:172)
at org.testng.internal.MethodRunner.runInSequence(MethodRunner.java:46)
at org.testng.internal.TestInvoker$MethodInvocationAgent.invoke(TestInvoker.java:804)
at org.testng.internal.TestInvoker.invokeTestMethods(TestInvoker.java:145)
at org.testng.internal.TestMethodWorker.invokeTestMethods(TestMethodWorker.java:146)
at org.testng.internal.TestMethodWorker.run(TestMethodWorker.java:128)
at java.base/java.util.ArrayList.forEach(ArrayList.java:1597)
at org.testng.TestRunner.privateRun(TestRunner.java:770)
at org.testng.TestRunner.run(TestRunner.java:591)
at org.testng.SuiteRunner.runTest(SuiteRunner.java:402)
at org.testng.SuiteRunner.runSequentially(SuiteRunner.java:396)
at org.testng.SuiteRunner.privateRun(SuiteRunner.java:355)
at org.testng.SuiteRunner.run(SuiteRunner.java:304)
at org.testng.SuiteRunnerWorker.runSuite(SuiteRunnerWorker.java:53)
at org.testng.SuiteRunnerWorker.run(SuiteRunnerWorker.java:96)
at org.testng.TestNG.runSuitesSequentially(TestNG.java:1180)
at org.testng.TestNG.runSuitesLocally(TestNG.java:1102)
at org.testng.TestNG.runSuites(TestNG.java:1032)
at org.testng.TestNG.run(TestNG.java:1000)
at org.apache.maven.surefire.testng.TestNGExecutor.run(TestNGExecutor.java:308)
at org.apache.maven.surefire.testng.TestNGXmlTestSuite.execute(TestNGXmlTestSuite.java:71)
at org.apache.maven.surefire.testng.TestNGProvider.invoke(TestNGProvider.java:113)
at org.apache.maven.surefire.booter.ForkedBooter.runSuitesInProcess(ForkedBooter.java:385)
at org.apache.maven.surefire.booter.ForkedBooter.execute(ForkedBooter.java:162)
at org.apache.maven.surefire.booter.ForkedBooter.run(ForkedBooter.java:507)
at org.apache.maven.surefire.booter.ForkedBooter.main(ForkedBooter.java:495)
]]>
            </full-stacktrace>
          </exception> <!-- org.openqa.selenium.SessionNotCreatedException -->
          <reporter-output>
          </reporter-output>
        </test-method> <!-- test_Alert -->
      </class> <!-- android.BlazeLoginTest -->
    </test> <!-- A_Tests One -->
    <test started-at="2024-06-04T10:18:16 CEST" name="B_Tests Two" finished-at="2024-06-04T10:18:18 CEST" duration-ms="2371">
      <class name="android.BlazeFindAndPurchaseTest">
        <test-method is-config="true" signature="setup()[pri:0, instance:android.BlazeFindAndPurchaseTest@5a56cdac]" started-at="2024-06-04T10:18:16 CEST" name="setup" finished-at="2024-06-04T10:18:16 CEST" duration-ms="0" status="PASS">
          <reporter-output>
          </reporter-output>
        </test-method> <!-- setup -->
        <test-method signature="test_Find_Purchase()[pri:0, instance:android.BlazeFindAndPurchaseTest@5a56cdac]" started-at="2024-06-04T10:18:16 CEST" name="test_Find_Purchase" finished-at="2024-06-04T10:18:18 CEST" duration-ms="2365" status="FAIL">
          <exception class="org.openqa.selenium.SessionNotCreatedException">
            <message>
              <![CDATA[session not created: This version of Microsoft Edge WebDriver only supports Microsoft Edge version 123
Current browser version is 125.0.2535.67 with binary path C:\Program Files (x86)\Microsoft\Edge\Application\msedge.exe
Build info: version: '3.141.59', revision: 'e82be7d358', time: '2018-11-14T08:17:03'
System info: host: 'DOSHENA', ip: '192.168.1.62', os.name: 'Windows 11', os.arch: 'amd64', os.version: '10.0', java.version: '22'
Driver info: driver.version: EdgeDriver
remote stacktrace: GetHandleVerifier [0x00007FF7D66A5B82+59842]
Microsoft::Applications::Events::ILogConfiguration::operator* [0x00007FF7D6634AB2+220434]
(No symbol) [0x00007FF7D645DCD7]
(No symbol) [0x00007FF7D6495E81]
(No symbol) [0x00007FF7D6495321]
(No symbol) [0x00007FF7D648FA00]
(No symbol) [0x00007FF7D648C2C0]
(No symbol) [0x00007FF7D64CDE97]
(No symbol) [0x00007FF7D64C3B93]
(No symbol) [0x00007FF7D649960E]
(No symbol) [0x00007FF7D64987CC]
(No symbol) [0x00007FF7D64991C1]
Microsoft::Applications::Events::EventProperty::to_string [0x00007FF7D68558FC+1052188]
(No symbol) [0x00007FF7D650FFC6]
Microsoft::Applications::Events::EventProperty::~EventProperty [0x00007FF7D65B150C+37916]
Microsoft::Applications::Events::EventProperty::~EventProperty [0x00007FF7D65A8E95+3493]
Microsoft::Applications::Events::EventProperty::to_string [0x00007FF7D6854865+1047941]
Microsoft::Applications::Events::ILogConfiguration::operator* [0x00007FF7D663D2C1+255265]
Microsoft::Applications::Events::ILogConfiguration::operator* [0x00007FF7D66385B4+235540]
Microsoft::Applications::Events::ILogConfiguration::operator* [0x00007FF7D66386EB+235851]
Microsoft::Applications::Events::ILogConfiguration::operator* [0x00007FF7D662FEE1+201025]
BaseThreadInitThunk [0x00007FFDC576257D+29]
RtlUserThreadStart [0x00007FFDC7A6AA48+40]
]]>
            </message>
            <full-stacktrace>
              <![CDATA[org.openqa.selenium.SessionNotCreatedException: session not created: This version of Microsoft Edge WebDriver only supports Microsoft Edge version 123
Current browser version is 125.0.2535.67 with binary path C:\Program Files (x86)\Microsoft\Edge\Application\msedge.exe
Build info: version: '3.141.59', revision: 'e82be7d358', time: '2018-11-14T08:17:03'
System info: host: 'DOSHENA', ip: '192.168.1.62', os.name: 'Windows 11', os.arch: 'amd64', os.version: '10.0', java.version: '22'
Driver info: driver.version: EdgeDriver
remote stacktrace: GetHandleVerifier [0x00007FF7D66A5B82+59842]
Microsoft::Applications::Events::ILogConfiguration::operator* [0x00007FF7D6634AB2+220434]
(No symbol) [0x00007FF7D645DCD7]
(No symbol) [0x00007FF7D6495E81]
(No symbol) [0x00007FF7D6495321]
(No symbol) [0x00007FF7D648FA00]
(No symbol) [0x00007FF7D648C2C0]
(No symbol) [0x00007FF7D64CDE97]
(No symbol) [0x00007FF7D64C3B93]
(No symbol) [0x00007FF7D649960E]
(No symbol) [0x00007FF7D64987CC]
(No symbol) [0x00007FF7D64991C1]
Microsoft::Applications::Events::EventProperty::to_string [0x00007FF7D68558FC+1052188]
(No symbol) [0x00007FF7D650FFC6]
Microsoft::Applications::Events::EventProperty::~EventProperty [0x00007FF7D65B150C+37916]
Microsoft::Applications::Events::EventProperty::~EventProperty [0x00007FF7D65A8E95+3493]
Microsoft::Applications::Events::EventProperty::to_string [0x00007FF7D6854865+1047941]
Microsoft::Applications::Events::ILogConfiguration::operator* [0x00007FF7D663D2C1+255265]
Microsoft::Applications::Events::ILogConfiguration::operator* [0x00007FF7D66385B4+235540]
Microsoft::Applications::Events::ILogConfiguration::operator* [0x00007FF7D66386EB+235851]
Microsoft::Applications::Events::ILogConfiguration::operator* [0x00007FF7D662FEE1+201025]
BaseThreadInitThunk [0x00007FFDC576257D+29]
RtlUserThreadStart [0x00007FFDC7A6AA48+40]

at java.base/jdk.internal.reflect.DirectConstructorHandleAccessor.newInstance(DirectConstructorHandleAccessor.java:62)
at java.base/java.lang.reflect.Constructor.newInstanceWithCaller(Constructor.java:502)
at java.base/java.lang.reflect.Constructor.newInstance(Constructor.java:486)
at org.openqa.selenium.remote.W3CHandshakeResponse.lambda$errorHandler$0(W3CHandshakeResponse.java:62)
at org.openqa.selenium.remote.HandshakeResponse.lambda$getResponseFunction$0(HandshakeResponse.java:30)
at org.openqa.selenium.remote.ProtocolHandshake.lambda$createSession$0(ProtocolHandshake.java:126)
at java.base/java.util.stream.ReferencePipeline$3$1.accept(ReferencePipeline.java:212)
at java.base/java.util.Spliterators$ArraySpliterator.tryAdvance(Spliterators.java:1034)
at java.base/java.util.stream.ReferencePipeline.forEachWithCancel(ReferencePipeline.java:144)
at java.base/java.util.stream.AbstractPipeline.copyIntoWithCancel(AbstractPipeline.java:574)
at java.base/java.util.stream.AbstractPipeline.copyInto(AbstractPipeline.java:560)
at java.base/java.util.stream.AbstractPipeline.wrapAndCopyInto(AbstractPipeline.java:546)
at java.base/java.util.stream.FindOps$FindOp.evaluateSequential(FindOps.java:150)
at java.base/java.util.stream.AbstractPipeline.evaluate(AbstractPipeline.java:265)
at java.base/java.util.stream.ReferencePipeline.findFirst(ReferencePipeline.java:662)
at org.openqa.selenium.remote.ProtocolHandshake.createSession(ProtocolHandshake.java:128)
at org.openqa.selenium.remote.ProtocolHandshake.createSession(ProtocolHandshake.java:74)
at org.openqa.selenium.remote.HttpCommandExecutor.execute(HttpCommandExecutor.java:136)
at org.openqa.selenium.remote.service.DriverCommandExecutor.execute(DriverCommandExecutor.java:83)
at org.openqa.selenium.remote.RemoteWebDriver.execute(RemoteWebDriver.java:552)
at org.openqa.selenium.remote.RemoteWebDriver.startSession(RemoteWebDriver.java:213)
at org.openqa.selenium.remote.RemoteWebDriver.<init>(RemoteWebDriver.java:131)
at org.openqa.selenium.edge.EdgeDriver.<init>(EdgeDriver.java:141)
at org.openqa.selenium.edge.EdgeDriver.<init>(EdgeDriver.java:96)
at android.BlazeFindAndPurchaseTest.test_Find_Purchase(BlazeFindAndPurchaseTest.java:31)
at java.base/jdk.internal.reflect.DirectMethodHandleAccessor.invoke(DirectMethodHandleAccessor.java:103)
at java.base/java.lang.reflect.Method.invoke(Method.java:580)
at org.testng.internal.MethodInvocationHelper.invokeMethod(MethodInvocationHelper.java:133)
at org.testng.internal.TestInvoker.invokeMethod(TestInvoker.java:584)
at org.testng.internal.TestInvoker.invokeTestMethod(TestInvoker.java:172)
at org.testng.internal.MethodRunner.runInSequence(MethodRunner.java:46)
at org.testng.internal.TestInvoker$MethodInvocationAgent.invoke(TestInvoker.java:804)
at org.testng.internal.TestInvoker.invokeTestMethods(TestInvoker.java:145)
at org.testng.internal.TestMethodWorker.invokeTestMethods(TestMethodWorker.java:146)
at org.testng.internal.TestMethodWorker.run(TestMethodWorker.java:128)
at java.base/java.util.ArrayList.forEach(ArrayList.java:1597)
at org.testng.TestRunner.privateRun(TestRunner.java:770)
at org.testng.TestRunner.run(TestRunner.java:591)
at org.testng.SuiteRunner.runTest(SuiteRunner.java:402)
at org.testng.SuiteRunner.runSequentially(SuiteRunner.java:396)
at org.testng.SuiteRunner.privateRun(SuiteRunner.java:355)
at org.testng.SuiteRunner.run(SuiteRunner.java:304)
at org.testng.SuiteRunnerWorker.runSuite(SuiteRunnerWorker.java:53)
at org.testng.SuiteRunnerWorker.run(SuiteRunnerWorker.java:96)
at org.testng.TestNG.runSuitesSequentially(TestNG.java:1180)
at org.testng.TestNG.runSuitesLocally(TestNG.java:1102)
at org.testng.TestNG.runSuites(TestNG.java:1032)
at org.testng.TestNG.run(TestNG.java:1000)
at org.apache.maven.surefire.testng.TestNGExecutor.run(TestNGExecutor.java:308)
at org.apache.maven.surefire.testng.TestNGXmlTestSuite.execute(TestNGXmlTestSuite.java:71)
at org.apache.maven.surefire.testng.TestNGProvider.invoke(TestNGProvider.java:113)
at org.apache.maven.surefire.booter.ForkedBooter.runSuitesInProcess(ForkedBooter.java:385)
at org.apache.maven.surefire.booter.ForkedBooter.execute(ForkedBooter.java:162)
at org.apache.maven.surefire.booter.ForkedBooter.run(ForkedBooter.java:507)
at org.apache.maven.surefire.booter.ForkedBooter.main(ForkedBooter.java:495)
]]>
            </full-stacktrace>
          </exception> <!-- org.openqa.selenium.SessionNotCreatedException -->
          <reporter-output>
          </reporter-output>
        </test-method> <!-- test_Find_Purchase -->
      </class> <!-- android.BlazeFindAndPurchaseTest -->
    </test> <!-- B_Tests Two -->
    <test started-at="2024-06-04T10:18:19 CEST" name="C_Tests Three" finished-at="2024-06-04T10:18:22 CEST" duration-ms="3244">
      <class name="android.RestTest">
        <test-method signature="GetBookDetails()[pri:0, instance:android.RestTest@3c7f66c4]" started-at="2024-06-04T10:18:19 CEST" name="GetBookDetails" finished-at="2024-06-04T10:18:21 CEST" duration-ms="2612" status="PASS">
          <reporter-output>
          </reporter-output>
        </test-method> <!-- GetBookDetails -->
        <test-method signature="GetBookDetailsNo2()[pri:0, instance:android.RestTest@3c7f66c4]" started-at="2024-06-04T10:18:21 CEST" name="GetBookDetailsNo2" finished-at="2024-06-04T10:18:21 CEST" duration-ms="221" status="PASS">
          <reporter-output>
          </reporter-output>
        </test-method> <!-- GetBookDetailsNo2 -->
        <test-method signature="GetBookDetailsNo23()[pri:0, instance:android.RestTest@3c7f66c4]" started-at="2024-06-04T10:18:21 CEST" name="GetBookDetailsNo23" finished-at="2024-06-04T10:18:22 CEST" duration-ms="184" status="PASS">
          <reporter-output>
          </reporter-output>
        </test-method> <!-- GetBookDetailsNo23 -->
        <test-method signature="GetBookDetailsNo24()[pri:0, instance:android.RestTest@3c7f66c4]" started-at="2024-06-04T10:18:22 CEST" name="GetBookDetailsNo24" finished-at="2024-06-04T10:18:22 CEST" duration-ms="201" status="PASS">
          <reporter-output>
          </reporter-output>
        </test-method> <!-- GetBookDetailsNo24 -->
      </class> <!-- android.RestTest -->
    </test> <!-- C_Tests Three -->
    <test started-at="2024-06-04T10:18:22 CEST" name="Dragan test" finished-at="2024-06-04T10:18:22 CEST" duration-ms="563">
      <class name="android.RestTest2">
        <test-method signature="GetBookDetails()[pri:0, instance:android.RestTest2@316bcf94]" started-at="2024-06-04T10:18:22 CEST" name="GetBookDetails" finished-at="2024-06-04T10:18:22 CEST" duration-ms="189" status="PASS">
          <reporter-output>
          </reporter-output>
        </test-method> <!-- GetBookDetails -->
        <test-method signature="GetBookDetailsNo2()[pri:0, instance:android.RestTest2@316bcf94]" started-at="2024-06-04T10:18:22 CEST" name="GetBookDetailsNo2" finished-at="2024-06-04T10:18:22 CEST" duration-ms="184" status="PASS">
          <reporter-output>
          </reporter-output>
        </test-method> <!-- GetBookDetailsNo2 -->
        <test-method signature="GetBookDetailsNo23()[pri:0, instance:android.RestTest2@316bcf94]" started-at="2024-06-04T10:18:22 CEST" name="GetBookDetailsNo23" finished-at="2024-06-04T10:18:22 CEST" duration-ms="178" status="PASS">
          <reporter-output>
          </reporter-output>
        </test-method> <!-- GetBookDetailsNo23 -->
      </class> <!-- android.RestTest2 -->
    </test> <!-- Dragan test -->
  </suite> <!--  Dragan Suite -->
</testng-results>
