<?xml version="1.0" encoding="UTF-8"?>
<testsuite xmlns:xsi="http://www.w3.org/2001/XMLSchema-instance" xsi:noNamespaceSchemaLocation="https://maven.apache.org/surefire/maven-surefire-plugin/xsd/surefire-test-report-3.0.xsd" version="3.0" name="TestSuite" time="7220.44" tests="10" errors="0" skipped="0" failures="0">
  <properties>
[...]
</properties>
  <testcase name="test_Login_And_Verify" classname="android.BlazeLoginTest" time="30.211">
    <system-out><![CDATA[Welcome dragan123
dragan123





PRODUCT STORE
Home
(current)
Contact
About us
Cart

Log out
Welcome dragan123

Previous
Next
CATEGORIES
Phones
Labtops is found
Labtops is clicked
32





PRODUCT STORE
Home
(current)
Contact
About us
Cart

Log out
Welcome dragan123

Previous
Next
CATEGORIES
Phones
Laptops
Monitors

Sony vaio i5

Sony vaio i7

MacBook air

Dell i7 8gb

2017 Dell 15.6 Inch

MacBook Pro
Contact Form
ceka ime da se pojavi
vidi se kontakt forma
]]></system-out>
    <system-err><![CDATA[SLF4J: Failed to load class "org.slf4j.impl.StaticLoggerBinder".
SLF4J: Defaulting to no-operation (NOP) logger implementation
SLF4J: See http://www.slf4j.org/codes.html#StaticLoggerBinder for further details.
Starting Microsoft Edge WebDriver 123.0.2420.81 (8acdca46cf48004ffbe58ea55a26ef75d019022e) on port 62153
To submit feedback, report a bug, or suggest new features, please visit https://github.com/MicrosoftEdge/EdgeWebDriver

Only local connections are allowed.
Please see https://aka.ms/WebDriverSecurity for suggestions on keeping Microsoft Edge WebDriver safe.

Microsoft Edge WebDriver was started successfully.
[1716877682.377][WARNING]: This version of Microsoft Edge WebDriver has not been tested with Microsoft Edge version 124.
maj 28, 2024 8:28:03 AM org.openqa.selenium.remote.ProtocolHandshake createSession
INFO: Detected dialect: W3C
]]></system-err>
  </testcase>
  <testcase name="test_Login_And_Verify_About_Us" classname="android.BlazeLoginTest" time="17.796">
    <system-out><![CDATA[Welcome dragan123
dragan123
method  checkAboutUs
waiting for about us and click
]]></system-out>
    <system-err><![CDATA[Starting Microsoft Edge WebDriver 123.0.2420.81 (8acdca46cf48004ffbe58ea55a26ef75d019022e) on port 23917
To submit feedback, report a bug, or suggest new features, please visit https://github.com/MicrosoftEdge/EdgeWebDriver

Only local connections are allowed.
Please see https://aka.ms/WebDriverSecurity for suggestions on keeping Microsoft Edge WebDriver safe.

Microsoft Edge WebDriver was started successfully.
[1716877711.604][WARNING]: This version of Microsoft Edge WebDriver has not been tested with Microsoft Edge version 124.
maj 28, 2024 8:28:31 AM org.openqa.selenium.remote.ProtocolHandshake createSession
INFO: Detected dialect: W3C
]]></system-err>
  </testcase>
  <testcase name="test_Alert" classname="android.BlazeLoginTest" time="7142.137">
    <system-out><![CDATA[Welcome dragan123
dragan123





PRODUCT STORE
Home
(current)
Contact
About us
Cart

Log out
Welcome dragan123

Previous
Next
CATEGORIES
Phones
Labtops is found
Labtops is clicked
32





PRODUCT STORE
Home
(current)
Contact
About us
Cart

Log out
Welcome dragan123

Previous
Next
CATEGORIES
Phones
Laptops
Monitors

Sony vaio i5

Sony vaio i7

MacBook air

Dell i7 8gb

2017 Dell 15.6 Inch

MacBook Pro
Contact Form
ceka ime da se pojavi
vidi se kontakt forma
Thanks for the message!!
]]></system-out>
    <system-err><![CDATA[Starting Microsoft Edge WebDriver 123.0.2420.81 (8acdca46cf48004ffbe58ea55a26ef75d019022e) on port 59058
To submit feedback, report a bug, or suggest new features, please visit https://github.com/MicrosoftEdge/EdgeWebDriver

Only local connections are allowed.
Please see https://aka.ms/WebDriverSecurity for suggestions on keeping Microsoft Edge WebDriver safe.

Microsoft Edge WebDriver was started successfully.
[1716884849.839][WARNING]: This version of Microsoft Edge WebDriver has not been tested with Microsoft Edge version 124.
maj 28, 2024 10:27:29 AM org.openqa.selenium.remote.ProtocolHandshake createSession
INFO: Detected dialect: W3C
]]></system-err>
  </testcase>
  <testcase name="test_Find_Purchase" classname="android.BlazeFindAndPurchaseTest" time="25.344">
    <system-out><![CDATA[***login method***
***clickLabtops method***





PRODUCT STORE
Home
(current)
Contact
About us
Cart

Log out
Welcome dragan123

Previous
Next
CATEGORIES
Phones
Labtops is found
Labtops is clicked
***findProduct method***
32





PRODUCT STORE
Home
(current)
Contact
About us
Cart

Log out
Welcome dragan123

Previous
Next
CATEGORIES
Phones
Laptops
Monitors

Sony vaio i5

Sony vaio i7

MacBook air

Dell i7 8gb

dell is found
webelement is clicked
dell is at chart
Product added.
***goToChart method***
go to chart
wait for element is visible
Chart is opened
Place order button is clicked
Product is purchased
***LogOut method***
***Verify LogOut method***





PRODUCT STORE
Home
(current)
Contact
About us
Cart
Log in
]]></system-out>
    <system-err><![CDATA[Starting Microsoft Edge WebDriver 123.0.2420.81 (8acdca46cf48004ffbe58ea55a26ef75d019022e) on port 49324
To submit feedback, report a bug, or suggest new features, please visit https://github.com/MicrosoftEdge/EdgeWebDriver

Only local connections are allowed.
Please see https://aka.ms/WebDriverSecurity for suggestions on keeping Microsoft Edge WebDriver safe.

Microsoft Edge WebDriver was started successfully.
[1716884871.456][WARNING]: This version of Microsoft Edge WebDriver has not been tested with Microsoft Edge version 124.
maj 28, 2024 10:27:51 AM org.openqa.selenium.remote.ProtocolHandshake createSession
INFO: Detected dialect: W3C
]]></system-err>
  </testcase>
  <testcase name="GetBookDetails" classname="android.RestTest" time="2.813">
    <system-out><![CDATA[Learning JavaScript Design Patterns
status code is: 200
body is: {
    "books": [
        {
            "isbn": "9781449325862",
            "title": "Git Pocket Guide",
            "subTitle": "A Working Introduction",
            "author": "Richard E. Silverman",
            "publish_date": "2020-06-04T08:48:39.000Z",
            "publisher": "O'Reilly Media",
            "pages": 234,
            "description": "This pocket guide is the perfect on-the-job companion to Git, the distributed version control system. It provides a compact, readable introduction to Git for new users, as well as a reference to common commands and procedures for those of you with Git exp",
            "website": "http://chimera.labs.oreilly.com/books/1230000000561/index.html"
        },
        {
            "isbn": "9781449331818",
            "title": "Learning JavaScript Design Patterns",
            "subTitle": "A JavaScript and jQuery Developer's Guide",
            "author": "Addy Osmani",
            "publish_date": "2020-06-04T09:11:40.000Z",
            "publisher": "O'Reilly Media",
            "pages": 254,
            "description": "With Learning JavaScript Design Patterns, you'll learn how to write beautiful, structured, and maintainable JavaScript by applying classical and modern design patterns to the language. If you want to keep your code efficient, more manageable, and up-to-da",
            "website": "http://www.addyosmani.com/resources/essentialjsdesignpatterns/book/"
        },
        {
            "isbn": "9781449337711",
            "title": "Designing Evolvable Web APIs with ASP.NET",
            "subTitle": "Harnessing the Power of the Web",
            "author": "Glenn Block et al.",
            "publish_date": "2020-06-04T09:12:43.000Z",
            "publisher": "O'Reilly Media",
            "pages": 238,
            "description": "Design and build Web APIs for a broad range of clients—including browsers and mobile devices—that can adapt to change over time. This practical, hands-on guide takes you through the theory and tools you need to build evolvable HTTP services with Microsoft",
            "website": "http://chimera.labs.oreilly.com/books/1234000001708/index.html"
        },
        {
            "isbn": "9781449365035",
            "title": "Speaking JavaScript",
            "subTitle": "An In-Depth Guide for Programmers",
            "author": "Axel Rauschmayer",
            "publish_date": "2014-02-01T00:00:00.000Z",
            "publisher": "O'Reilly Media",
            "pages": 460,
            "description": "Like it or not, JavaScript is everywhere these days-from browser to server to mobile-and now you, too, need to learn the language or dive deeper than you have. This concise book guides you into and through JavaScript, written by a veteran programmer who o",
            "website": "http://speakingjs.com/"
        },
        {
            "isbn": "9781491904244",
            "title": "You Don't Know JS",
            "subTitle": "ES6 & Beyond",
            "author": "Kyle Simpson",
            "publish_date": "2015-12-27T00:00:00.000Z",
            "publisher": "O'Reilly Media",
            "pages": 278,
            "description": "No matter how much experience you have with JavaScript, odds are you don’t fully understand the language. As part of the \\\"You Don’t Know JS\\\" series, this compact guide focuses on new features available in ECMAScript 6 (ES6), the latest version of the st",
            "website": "https://github.com/getify/You-Dont-Know-JS/tree/master/es6%20&%20beyond"
        },
        {
            "isbn": "9781491950296",
            "title": "Programming JavaScript Applications",
            "subTitle": "Robust Web Architecture with Node, HTML5, and Modern JS Libraries",
            "author": "Eric Elliott",
            "publish_date": "2014-07-01T00:00:00.000Z",
            "publisher": "O'Reilly Media",
            "pages": 254,
            "description": "Take advantage of JavaScript's power to build robust web-scale or enterprise applications that are easy to extend and maintain. By applying the design patterns outlined in this practical book, experienced JavaScript developers will learn how to write flex",
            "website": "http://chimera.labs.oreilly.com/books/1234000000262/index.html"
        },
        {
            "isbn": "9781593275846",
            "title": "Eloquent JavaScript, Second Edition",
            "subTitle": "A Modern Introduction to Programming",
            "author": "Marijn Haverbeke",
            "publish_date": "2014-12-14T00:00:00.000Z",
            "publisher": "No Starch Press",
            "pages": 472,
            "description": "JavaScript lies at the heart of almost every modern web application, from social apps to the newest browser-based games. Though simple for beginners to pick up and play with, JavaScript is a flexible, complex language that you can use to build full-scale ",
            "website": "http://eloquentjavascript.net/"
        },
        {
            "isbn": "9781593277574",
            "title": "Understanding ECMAScript 6",
            "subTitle": "The Definitive Guide for JavaScript Developers",
            "author": "Nicholas C. Zakas",
            "publish_date": "2016-09-03T00:00:00.000Z",
            "publisher": "No Starch Press",
            "pages": 352,
            "description": "ECMAScript 6 represents the biggest update to the core of JavaScript in the history of the language. In Understanding ECMAScript 6, expert developer Nicholas C. Zakas provides a complete guide to the object types, syntax, and other exciting changes that E",
            "website": "https://leanpub.com/understandinges6/read"
        }
    ]
}
]]></system-out>
  </testcase>
  <testcase name="GetBookDetailsNo2" classname="android.RestTest" time="0.203">
    <system-out><![CDATA[Git Pocket Guide
status code is: 200
body is: {
    "books": [
        {
            "isbn": "9781449325862",
            "title": "Git Pocket Guide",
            "subTitle": "A Working Introduction",
            "author": "Richard E. Silverman",
            "publish_date": "2020-06-04T08:48:39.000Z",
            "publisher": "O'Reilly Media",
            "pages": 234,
            "description": "This pocket guide is the perfect on-the-job companion to Git, the distributed version control system. It provides a compact, readable introduction to Git for new users, as well as a reference to common commands and procedures for those of you with Git exp",
            "website": "http://chimera.labs.oreilly.com/books/1230000000561/index.html"
        },
        {
            "isbn": "9781449331818",
            "title": "Learning JavaScript Design Patterns",
            "subTitle": "A JavaScript and jQuery Developer's Guide",
            "author": "Addy Osmani",
            "publish_date": "2020-06-04T09:11:40.000Z",
            "publisher": "O'Reilly Media",
            "pages": 254,
            "description": "With Learning JavaScript Design Patterns, you'll learn how to write beautiful, structured, and maintainable JavaScript by applying classical and modern design patterns to the language. If you want to keep your code efficient, more manageable, and up-to-da",
            "website": "http://www.addyosmani.com/resources/essentialjsdesignpatterns/book/"
        },
        {
            "isbn": "9781449337711",
            "title": "Designing Evolvable Web APIs with ASP.NET",
            "subTitle": "Harnessing the Power of the Web",
            "author": "Glenn Block et al.",
            "publish_date": "2020-06-04T09:12:43.000Z",
            "publisher": "O'Reilly Media",
            "pages": 238,
            "description": "Design and build Web APIs for a broad range of clients—including browsers and mobile devices—that can adapt to change over time. This practical, hands-on guide takes you through the theory and tools you need to build evolvable HTTP services with Microsoft",
            "website": "http://chimera.labs.oreilly.com/books/1234000001708/index.html"
        },
        {
            "isbn": "9781449365035",
            "title": "Speaking JavaScript",
            "subTitle": "An In-Depth Guide for Programmers",
            "author": "Axel Rauschmayer",
            "publish_date": "2014-02-01T00:00:00.000Z",
            "publisher": "O'Reilly Media",
            "pages": 460,
            "description": "Like it or not, JavaScript is everywhere these days-from browser to server to mobile-and now you, too, need to learn the language or dive deeper than you have. This concise book guides you into and through JavaScript, written by a veteran programmer who o",
            "website": "http://speakingjs.com/"
        },
        {
            "isbn": "9781491904244",
            "title": "You Don't Know JS",
            "subTitle": "ES6 & Beyond",
            "author": "Kyle Simpson",
            "publish_date": "2015-12-27T00:00:00.000Z",
            "publisher": "O'Reilly Media",
            "pages": 278,
            "description": "No matter how much experience you have with JavaScript, odds are you don’t fully understand the language. As part of the \\\"You Don’t Know JS\\\" series, this compact guide focuses on new features available in ECMAScript 6 (ES6), the latest version of the st",
            "website": "https://github.com/getify/You-Dont-Know-JS/tree/master/es6%20&%20beyond"
        },
        {
            "isbn": "9781491950296",
            "title": "Programming JavaScript Applications",
            "subTitle": "Robust Web Architecture with Node, HTML5, and Modern JS Libraries",
            "author": "Eric Elliott",
            "publish_date": "2014-07-01T00:00:00.000Z",
            "publisher": "O'Reilly Media",
            "pages": 254,
            "description": "Take advantage of JavaScript's power to build robust web-scale or enterprise applications that are easy to extend and maintain. By applying the design patterns outlined in this practical book, experienced JavaScript developers will learn how to write flex",
            "website": "http://chimera.labs.oreilly.com/books/1234000000262/index.html"
        },
        {
            "isbn": "9781593275846",
            "title": "Eloquent JavaScript, Second Edition",
            "subTitle": "A Modern Introduction to Programming",
            "author": "Marijn Haverbeke",
            "publish_date": "2014-12-14T00:00:00.000Z",
            "publisher": "No Starch Press",
            "pages": 472,
            "description": "JavaScript lies at the heart of almost every modern web application, from social apps to the newest browser-based games. Though simple for beginners to pick up and play with, JavaScript is a flexible, complex language that you can use to build full-scale ",
            "website": "http://eloquentjavascript.net/"
        },
        {
            "isbn": "9781593277574",
            "title": "Understanding ECMAScript 6",
            "subTitle": "The Definitive Guide for JavaScript Developers",
            "author": "Nicholas C. Zakas",
            "publish_date": "2016-09-03T00:00:00.000Z",
            "publisher": "No Starch Press",
            "pages": 352,
            "description": "ECMAScript 6 represents the biggest update to the core of JavaScript in the history of the language. In Understanding ECMAScript 6, expert developer Nicholas C. Zakas provides a complete guide to the object types, syntax, and other exciting changes that E",
            "website": "https://leanpub.com/understandinges6/read"
        }
    ]
}
]]></system-out>
  </testcase>
  <testcase name="GetBookDetailsNo23" classname="android.RestTest" time="0.329">
    <system-out><![CDATA[timeCode is: 314
]]></system-out>
  </testcase>
  <testcase name="GetBookDetails" classname="android.RestTest2" time="0.19">
    <system-out><![CDATA[A Modern Introduction to Programming
status code is: 200
body is: {
    "books": [
        {
            "isbn": "9781449325862",
            "title": "Git Pocket Guide",
            "subTitle": "A Working Introduction",
            "author": "Richard E. Silverman",
            "publish_date": "2020-06-04T08:48:39.000Z",
            "publisher": "O'Reilly Media",
            "pages": 234,
            "description": "This pocket guide is the perfect on-the-job companion to Git, the distributed version control system. It provides a compact, readable introduction to Git for new users, as well as a reference to common commands and procedures for those of you with Git exp",
            "website": "http://chimera.labs.oreilly.com/books/1230000000561/index.html"
        },
        {
            "isbn": "9781449331818",
            "title": "Learning JavaScript Design Patterns",
            "subTitle": "A JavaScript and jQuery Developer's Guide",
            "author": "Addy Osmani",
            "publish_date": "2020-06-04T09:11:40.000Z",
            "publisher": "O'Reilly Media",
            "pages": 254,
            "description": "With Learning JavaScript Design Patterns, you'll learn how to write beautiful, structured, and maintainable JavaScript by applying classical and modern design patterns to the language. If you want to keep your code efficient, more manageable, and up-to-da",
            "website": "http://www.addyosmani.com/resources/essentialjsdesignpatterns/book/"
        },
        {
            "isbn": "9781449337711",
            "title": "Designing Evolvable Web APIs with ASP.NET",
            "subTitle": "Harnessing the Power of the Web",
            "author": "Glenn Block et al.",
            "publish_date": "2020-06-04T09:12:43.000Z",
            "publisher": "O'Reilly Media",
            "pages": 238,
            "description": "Design and build Web APIs for a broad range of clients—including browsers and mobile devices—that can adapt to change over time. This practical, hands-on guide takes you through the theory and tools you need to build evolvable HTTP services with Microsoft",
            "website": "http://chimera.labs.oreilly.com/books/1234000001708/index.html"
        },
        {
            "isbn": "9781449365035",
            "title": "Speaking JavaScript",
            "subTitle": "An In-Depth Guide for Programmers",
            "author": "Axel Rauschmayer",
            "publish_date": "2014-02-01T00:00:00.000Z",
            "publisher": "O'Reilly Media",
            "pages": 460,
            "description": "Like it or not, JavaScript is everywhere these days-from browser to server to mobile-and now you, too, need to learn the language or dive deeper than you have. This concise book guides you into and through JavaScript, written by a veteran programmer who o",
            "website": "http://speakingjs.com/"
        },
        {
            "isbn": "9781491904244",
            "title": "You Don't Know JS",
            "subTitle": "ES6 & Beyond",
            "author": "Kyle Simpson",
            "publish_date": "2015-12-27T00:00:00.000Z",
            "publisher": "O'Reilly Media",
            "pages": 278,
            "description": "No matter how much experience you have with JavaScript, odds are you don’t fully understand the language. As part of the \\\"You Don’t Know JS\\\" series, this compact guide focuses on new features available in ECMAScript 6 (ES6), the latest version of the st",
            "website": "https://github.com/getify/You-Dont-Know-JS/tree/master/es6%20&%20beyond"
        },
        {
            "isbn": "9781491950296",
            "title": "Programming JavaScript Applications",
            "subTitle": "Robust Web Architecture with Node, HTML5, and Modern JS Libraries",
            "author": "Eric Elliott",
            "publish_date": "2014-07-01T00:00:00.000Z",
            "publisher": "O'Reilly Media",
            "pages": 254,
            "description": "Take advantage of JavaScript's power to build robust web-scale or enterprise applications that are easy to extend and maintain. By applying the design patterns outlined in this practical book, experienced JavaScript developers will learn how to write flex",
            "website": "http://chimera.labs.oreilly.com/books/1234000000262/index.html"
        },
        {
            "isbn": "9781593275846",
            "title": "Eloquent JavaScript, Second Edition",
            "subTitle": "A Modern Introduction to Programming",
            "author": "Marijn Haverbeke",
            "publish_date": "2014-12-14T00:00:00.000Z",
            "publisher": "No Starch Press",
            "pages": 472,
            "description": "JavaScript lies at the heart of almost every modern web application, from social apps to the newest browser-based games. Though simple for beginners to pick up and play with, JavaScript is a flexible, complex language that you can use to build full-scale ",
            "website": "http://eloquentjavascript.net/"
        },
        {
            "isbn": "9781593277574",
            "title": "Understanding ECMAScript 6",
            "subTitle": "The Definitive Guide for JavaScript Developers",
            "author": "Nicholas C. Zakas",
            "publish_date": "2016-09-03T00:00:00.000Z",
            "publisher": "No Starch Press",
            "pages": 352,
            "description": "ECMAScript 6 represents the biggest update to the core of JavaScript in the history of the language. In Understanding ECMAScript 6, expert developer Nicholas C. Zakas provides a complete guide to the object types, syntax, and other exciting changes that E",
            "website": "https://leanpub.com/understandinges6/read"
        }
    ]
}
]]></system-out>
  </testcase>
  <testcase name="GetBookDetailsNo2" classname="android.RestTest2" time="0.176">
    <system-out><![CDATA[Git Pocket Guide
status code is: 200
body is: {
    "books": [
        {
            "isbn": "9781449325862",
            "title": "Git Pocket Guide",
            "subTitle": "A Working Introduction",
            "author": "Richard E. Silverman",
            "publish_date": "2020-06-04T08:48:39.000Z",
            "publisher": "O'Reilly Media",
            "pages": 234,
            "description": "This pocket guide is the perfect on-the-job companion to Git, the distributed version control system. It provides a compact, readable introduction to Git for new users, as well as a reference to common commands and procedures for those of you with Git exp",
            "website": "http://chimera.labs.oreilly.com/books/1230000000561/index.html"
        },
        {
            "isbn": "9781449331818",
            "title": "Learning JavaScript Design Patterns",
            "subTitle": "A JavaScript and jQuery Developer's Guide",
            "author": "Addy Osmani",
            "publish_date": "2020-06-04T09:11:40.000Z",
            "publisher": "O'Reilly Media",
            "pages": 254,
            "description": "With Learning JavaScript Design Patterns, you'll learn how to write beautiful, structured, and maintainable JavaScript by applying classical and modern design patterns to the language. If you want to keep your code efficient, more manageable, and up-to-da",
            "website": "http://www.addyosmani.com/resources/essentialjsdesignpatterns/book/"
        },
        {
            "isbn": "9781449337711",
            "title": "Designing Evolvable Web APIs with ASP.NET",
            "subTitle": "Harnessing the Power of the Web",
            "author": "Glenn Block et al.",
            "publish_date": "2020-06-04T09:12:43.000Z",
            "publisher": "O'Reilly Media",
            "pages": 238,
            "description": "Design and build Web APIs for a broad range of clients—including browsers and mobile devices—that can adapt to change over time. This practical, hands-on guide takes you through the theory and tools you need to build evolvable HTTP services with Microsoft",
            "website": "http://chimera.labs.oreilly.com/books/1234000001708/index.html"
        },
        {
            "isbn": "9781449365035",
            "title": "Speaking JavaScript",
            "subTitle": "An In-Depth Guide for Programmers",
            "author": "Axel Rauschmayer",
            "publish_date": "2014-02-01T00:00:00.000Z",
            "publisher": "O'Reilly Media",
            "pages": 460,
            "description": "Like it or not, JavaScript is everywhere these days-from browser to server to mobile-and now you, too, need to learn the language or dive deeper than you have. This concise book guides you into and through JavaScript, written by a veteran programmer who o",
            "website": "http://speakingjs.com/"
        },
        {
            "isbn": "9781491904244",
            "title": "You Don't Know JS",
            "subTitle": "ES6 & Beyond",
            "author": "Kyle Simpson",
            "publish_date": "2015-12-27T00:00:00.000Z",
            "publisher": "O'Reilly Media",
            "pages": 278,
            "description": "No matter how much experience you have with JavaScript, odds are you don’t fully understand the language. As part of the \\\"You Don’t Know JS\\\" series, this compact guide focuses on new features available in ECMAScript 6 (ES6), the latest version of the st",
            "website": "https://github.com/getify/You-Dont-Know-JS/tree/master/es6%20&%20beyond"
        },
        {
            "isbn": "9781491950296",
            "title": "Programming JavaScript Applications",
            "subTitle": "Robust Web Architecture with Node, HTML5, and Modern JS Libraries",
            "author": "Eric Elliott",
            "publish_date": "2014-07-01T00:00:00.000Z",
            "publisher": "O'Reilly Media",
            "pages": 254,
            "description": "Take advantage of JavaScript's power to build robust web-scale or enterprise applications that are easy to extend and maintain. By applying the design patterns outlined in this practical book, experienced JavaScript developers will learn how to write flex",
            "website": "http://chimera.labs.oreilly.com/books/1234000000262/index.html"
        },
        {
            "isbn": "9781593275846",
            "title": "Eloquent JavaScript, Second Edition",
            "subTitle": "A Modern Introduction to Programming",
            "author": "Marijn Haverbeke",
            "publish_date": "2014-12-14T00:00:00.000Z",
            "publisher": "No Starch Press",
            "pages": 472,
            "description": "JavaScript lies at the heart of almost every modern web application, from social apps to the newest browser-based games. Though simple for beginners to pick up and play with, JavaScript is a flexible, complex language that you can use to build full-scale ",
            "website": "http://eloquentjavascript.net/"
        },
        {
            "isbn": "9781593277574",
            "title": "Understanding ECMAScript 6",
            "subTitle": "The Definitive Guide for JavaScript Developers",
            "author": "Nicholas C. Zakas",
            "publish_date": "2016-09-03T00:00:00.000Z",
            "publisher": "No Starch Press",
            "pages": 352,
            "description": "ECMAScript 6 represents the biggest update to the core of JavaScript in the history of the language. In Understanding ECMAScript 6, expert developer Nicholas C. Zakas provides a complete guide to the object types, syntax, and other exciting changes that E",
            "website": "https://leanpub.com/understandinges6/read"
        }
    ]
}
]]></system-out>
  </testcase>
  <testcase name="GetBookDetailsNo23" classname="android.RestTest2" time="0.141">
    <system-out><![CDATA[timeCode is: 159
]]></system-out>
  </testcase>
</testsuite>