<?xml version="1.0" encoding="UTF-8"?>
<testng-results ignored="0" total="3" passed="3" failed="0" skipped="0">
  <reporter-output>
    <line>
      <![CDATA[Login to store]]>
    </line>
    <line>
      <![CDATA[Check is logged]]>
    </line>
    <line>
      <![CDATA[Click on Labtops]]>
    </line>
    <line>
      <![CDATA[Find Lenovo]]>
    </line>
    <line>
      <![CDATA[Use contact form]]>
    </line>
    <line>
      <![CDATA[Login to store]]>
    </line>
    <line>
      <![CDATA[Check is logged]]>
    </line>
    <line>
      <![CDATA[Check About us]]>
    </line>
    <line>
      <![CDATA[Login to store]]>
    </line>
    <line>
      <![CDATA[Check is logged]]>
    </line>
    <line>
      <![CDATA[Click on Labtops]]>
    </line>
    <line>
      <![CDATA[Find Lenovo]]>
    </line>
    <line>
      <![CDATA[Use contact form]]>
    </line>
    <line>
      <![CDATA[Handle alert]]>
    </line>
  </reporter-output>
  <suite started-at="2024-06-04T20:11:28 CEST" name="Default suite" finished-at="2024-06-04T20:12:15 CEST" duration-ms="47197">
    <groups>
    </groups>
    <test started-at="2024-06-04T20:11:28 CEST" name="Default test" finished-at="2024-06-04T20:12:15 CEST" duration-ms="47197">
      <class name="android.BlazeLoginTest">
        <test-method is-config="true" signature="setup()[pri:0, instance:android.BlazeLoginTest@f99f5e0]" started-at="2024-06-04T20:11:28 CEST" name="setup" finished-at="2024-06-04T20:11:28 CEST" duration-ms="15" status="PASS">
          <reporter-output>
          </reporter-output>
        </test-method> <!-- setup -->
        <test-method signature="test_Login_And_Verify()[pri:1, instance:android.BlazeLoginTest@f99f5e0]" started-at="2024-06-04T20:11:28 CEST" name="test_Login_And_Verify" finished-at="2024-06-04T20:11:44 CEST" duration-ms="16269" status="PASS">
          <reporter-output>
            <line>
              <![CDATA[Login to store]]>
            </line>
            <line>
              <![CDATA[Check is logged]]>
            </line>
            <line>
              <![CDATA[Click on Labtops]]>
            </line>
            <line>
              <![CDATA[Find Lenovo]]>
            </line>
            <line>
              <![CDATA[Use contact form]]>
            </line>
          </reporter-output>
        </test-method> <!-- test_Login_And_Verify -->
        <test-method is-config="true" signature="afterTest()[pri:0, instance:android.BlazeLoginTest@f99f5e0]" started-at="2024-06-04T20:11:44 CEST" name="afterTest" finished-at="2024-06-04T20:11:44 CEST" duration-ms="0" status="PASS">
          <reporter-output>
          </reporter-output>
        </test-method> <!-- afterTest -->
        <test-method signature="test_Login_And_Verify_About_Us()[pri:2, instance:android.BlazeLoginTest@f99f5e0]" started-at="2024-06-04T20:11:44 CEST" name="test_Login_And_Verify_About_Us" finished-at="2024-06-04T20:12:01 CEST" duration-ms="17409" status="PASS">
          <reporter-output>
            <line>
              <![CDATA[Login to store]]>
            </line>
            <line>
              <![CDATA[Check is logged]]>
            </line>
            <line>
              <![CDATA[Check About us]]>
            </line>
          </reporter-output>
        </test-method> <!-- test_Login_And_Verify_About_Us -->
        <test-method is-config="true" signature="afterTest()[pri:0, instance:android.BlazeLoginTest@f99f5e0]" started-at="2024-06-04T20:12:01 CEST" name="afterTest" finished-at="2024-06-04T20:12:01 CEST" duration-ms="0" status="PASS">
          <reporter-output>
          </reporter-output>
        </test-method> <!-- afterTest -->
        <test-method signature="test_Alert()[pri:3, instance:android.BlazeLoginTest@f99f5e0]" started-at="2024-06-04T20:12:01 CEST" name="test_Alert" finished-at="2024-06-04T20:12:15 CEST" duration-ms="13344" status="PASS">
          <reporter-output>
            <line>
              <![CDATA[Login to store]]>
            </line>
            <line>
              <![CDATA[Check is logged]]>
            </line>
            <line>
              <![CDATA[Click on Labtops]]>
            </line>
            <line>
              <![CDATA[Find Lenovo]]>
            </line>
            <line>
              <![CDATA[Use contact form]]>
            </line>
            <line>
              <![CDATA[Handle alert]]>
            </line>
          </reporter-output>
        </test-method> <!-- test_Alert -->
        <test-method is-config="true" signature="afterTest()[pri:0, instance:android.BlazeLoginTest@f99f5e0]" started-at="2024-06-04T20:12:15 CEST" name="afterTest" finished-at="2024-06-04T20:12:15 CEST" duration-ms="1" status="PASS">
          <reporter-output>
          </reporter-output>
        </test-method> <!-- afterTest -->
      </class> <!-- android.BlazeLoginTest -->
    </test> <!-- Default test -->
  </suite> <!-- Default suite -->
</testng-results>
