<?xml version="1.0" encoding="UTF-8"?>
<!-- Generated by org.testng.reporters.JUnitXMLReporter -->
<testsuite ignored="0" hostname="Doshena" failures="0" tests="4" name="C_Tests Three" time="3.26" errors="0" timestamp="2024-05-29T10:29:02 CEST">
  <testcase classname="android.RestTest" name="GetBookDetails" time="2.742"/>
  <testcase classname="android.RestTest" name="GetBookDetailsNo2" time="0.189"/>
  <testcase classname="android.RestTest" name="GetBookDetailsNo23" time="0.157"/>
  <testcase classname="android.RestTest" name="GetBookDetailsNo24" time="0.157"/>
</testsuite> <!-- C_Tests Three -->
