<?xml version="1.0" encoding="UTF-8"?>
<!-- Generated by org.testng.reporters.JUnitXMLReporter -->
<testsuite ignored="0" hostname="Doshena" failures="0" tests="3" name="A_Tests One" time="50.355" errors="0" timestamp="2024-05-24T08:30:26 CEST">
  <testcase classname="android.BlazeLoginTest" name="test_Login_And_Verify" time="19.077"/>
  <testcase classname="android.BlazeLoginTest" name="test_Login_And_Verify_About_Us" time="18.356"/>
  <testcase classname="android.BlazeLoginTest" name="test_Alert" time="12.777"/>
</testsuite> <!-- A_Tests One -->
