<?xml version="1.0" encoding="UTF-8"?>
<!-- Generated by org.testng.reporters.JUnitXMLReporter -->
<testsuite ignored="0" hostname="Doshena" failures="0" tests="3" name="C_Tests Three" time="3.298" errors="0" timestamp="2024-05-24T10:29:06 CEST">
  <testcase classname="android.RestTest" name="GetBookDetails" time="2.91"/>
  <testcase classname="android.RestTest" name="GetBookDetailsNo2" time="0.199"/>
  <testcase classname="android.RestTest" name="GetBookDetailsNo23" time="0.172"/>
</testsuite> <!-- C_Tests Three -->
